[2023-02-01 01:13:37] local.ERROR: Please provide a valid cache path. {"exception":"[object] (InvalidArgumentException(code: 0): Please provide a valid cache path. at /Users/giuseppegarozzo/Desktop/Boolean/Esercitazioni/Laravel/laravel-one-to-many/vendor/laravel/framework/src/Illuminate/View/Compilers/Compiler.php:36)
[stacktrace]
#0 /Users/giuseppegarozzo/Desktop/Boolean/Esercitazioni/Laravel/laravel-one-to-many/vendor/laravel/framework/src/Illuminate/View/ViewServiceProvider.php(91): Illuminate\\View\\Compilers\\Compiler->__construct(Object(Illuminate\\Filesystem\\Filesystem), false)
#1 /Users/giuseppegarozzo/Desktop/Boolean/Esercitazioni/Laravel/laravel-one-to-many/vendor/laravel/framework/src/Illuminate/Container/Container.php(805): Illuminate\\View\\ViewServiceProvider->Illuminate\\View\\{closure}(Object(Illuminate\\Foundation\\Application), Array)
#2 /Users/giuseppegarozzo/Desktop/Boolean/Esercitazioni/Laravel/laravel-one-to-many/vendor/laravel/framework/src/Illuminate/Container/Container.php(691): Illuminate\\Container\\Container->build(Object(Closure))
#3 /Users/giuseppegarozzo/Desktop/Boolean/Esercitazioni/Laravel/laravel-one-to-many/vendor/laravel/framework/src/Illuminate/Foundation/Application.php(796): Illuminate\\Container\\Container->resolve('blade.compiler', Array, true)
#4 /Users/giuseppegarozzo/Desktop/Boolean/Esercitazioni/Laravel/laravel-one-to-many/vendor/laravel/framework/src/Illuminate/Container/Container.php(637): Illuminate\\Foundation\\Application->resolve('blade.compiler', Array)
#5 /Users/giuseppegarozzo/Desktop/Boolean/Esercitazioni/Laravel/laravel-one-to-many/vendor/laravel/framework/src/Illuminate/Foundation/Application.php(781): Illuminate\\Container\\Container->make('blade.compiler', Array)
#6 /Users/giuseppegarozzo/Desktop/Boolean/Esercitazioni/Laravel/laravel-one-to-many/vendor/laravel/framework/src/Illuminate/Container/Container.php(1283): Illuminate\\Foundation\\Application->make('blade.compiler')
#7 /Users/giuseppegarozzo/Desktop/Boolean/Esercitazioni/Laravel/laravel-one-to-many/vendor/laravel/framework/src/Illuminate/View/ViewServiceProvider.php(151): Illuminate\\Container\\Container->offsetGet('blade.compiler')
#8 [internal function]: Illuminate\\View\\ViewServiceProvider->Illuminate\\View\\{closure}()
#9 /Users/giuseppegarozzo/Desktop/Boolean/Esercitazioni/Laravel/laravel-one-to-many/vendor/laravel/framework/src/Illuminate/View/Engines/EngineResolver.php(55): call_user_func(Object(Closure))
#10 /Users/giuseppegarozzo/Desktop/Boolean/Esercitazioni/Laravel/laravel-one-to-many/vendor/facade/ignition/src/IgnitionServiceProvider.php(467): Illuminate\\View\\Engines\\EngineResolver->resolve('blade')
#11 /Users/giuseppegarozzo/Desktop/Boolean/Esercitazioni/Laravel/laravel-one-to-many/vendor/facade/ignition/src/IgnitionServiceProvider.php(158): Facade\\Ignition\\IgnitionServiceProvider->hasCustomViewEnginesRegistered()
#12 /Users/giuseppegarozzo/Desktop/Boolean/Esercitazioni/Laravel/laravel-one-to-many/vendor/facade/ignition/src/IgnitionServiceProvider.php(101): Facade\\Ignition\\IgnitionServiceProvider->registerViewEngines()
#13 /Users/giuseppegarozzo/Desktop/Boolean/Esercitazioni/Laravel/laravel-one-to-many/vendor/laravel/framework/src/Illuminate/Container/BoundMethod.php(36): Facade\\Ignition\\IgnitionServiceProvider->boot()
#14 /Users/giuseppegarozzo/Desktop/Boolean/Esercitazioni/Laravel/laravel-one-to-many/vendor/laravel/framework/src/Illuminate/Container/Util.php(37): Illuminate\\Container\\BoundMethod::Illuminate\\Container\\{closure}()
#15 /Users/giuseppegarozzo/Desktop/Boolean/Esercitazioni/Laravel/laravel-one-to-many/vendor/laravel/framework/src/Illuminate/Container/BoundMethod.php(93): Illuminate\\Container\\Util::unwrapIfClosure(Object(Closure))
#16 /Users/giuseppegarozzo/Desktop/Boolean/Esercitazioni/Laravel/laravel-one-to-many/vendor/laravel/framework/src/Illuminate/Container/BoundMethod.php(37): Illuminate\\Container\\BoundMethod::callBoundMethod(Object(Illuminate\\Foundation\\Application), Array, Object(Closure))
#17 /Users/giuseppegarozzo/Desktop/Boolean/Esercitazioni/Laravel/laravel-one-to-many/vendor/laravel/framework/src/Illuminate/Container/Container.php(596): Illuminate\\Container\\BoundMethod::call(Object(Illuminate\\Foundation\\Application), Array, Array, NULL)
#18 /Users/giuseppegarozzo/Desktop/Boolean/Esercitazioni/Laravel/laravel-one-to-many/vendor/laravel/framework/src/Illuminate/Foundation/Application.php(867): Illuminate\\Container\\Container->call(Array)
#19 /Users/giuseppegarozzo/Desktop/Boolean/Esercitazioni/Laravel/laravel-one-to-many/vendor/laravel/framework/src/Illuminate/Foundation/Application.php(850): Illuminate\\Foundation\\Application->bootProvider(Object(Facade\\Ignition\\IgnitionServiceProvider))
#20 [internal function]: Illuminate\\Foundation\\Application->Illuminate\\Foundation\\{closure}(Object(Facade\\Ignition\\IgnitionServiceProvider), 14)
#21 /Users/giuseppegarozzo/Desktop/Boolean/Esercitazioni/Laravel/laravel-one-to-many/vendor/laravel/framework/src/Illuminate/Foundation/Application.php(851): array_walk(Array, Object(Closure))
#22 /Users/giuseppegarozzo/Desktop/Boolean/Esercitazioni/Laravel/laravel-one-to-many/vendor/laravel/framework/src/Illuminate/Foundation/Bootstrap/BootProviders.php(17): Illuminate\\Foundation\\Application->boot()
#23 /Users/giuseppegarozzo/Desktop/Boolean/Esercitazioni/Laravel/laravel-one-to-many/vendor/laravel/framework/src/Illuminate/Foundation/Application.php(230): Illuminate\\Foundation\\Bootstrap\\BootProviders->bootstrap(Object(Illuminate\\Foundation\\Application))
#24 /Users/giuseppegarozzo/Desktop/Boolean/Esercitazioni/Laravel/laravel-one-to-many/vendor/laravel/framework/src/Illuminate/Foundation/Console/Kernel.php(310): Illuminate\\Foundation\\Application->bootstrapWith(Array)
#25 /Users/giuseppegarozzo/Desktop/Boolean/Esercitazioni/Laravel/laravel-one-to-many/vendor/laravel/framework/src/Illuminate/Foundation/Console/Kernel.php(127): Illuminate\\Foundation\\Console\\Kernel->bootstrap()
#26 /Users/giuseppegarozzo/Desktop/Boolean/Esercitazioni/Laravel/laravel-one-to-many/artisan(37): Illuminate\\Foundation\\Console\\Kernel->handle(Object(Symfony\\Component\\Console\\Input\\ArgvInput), Object(Symfony\\Component\\Console\\Output\\ConsoleOutput))
#27 {main}
"} 
[2023-02-01 01:14:43] local.ERROR: Please provide a valid cache path. {"exception":"[object] (InvalidArgumentException(code: 0): Please provide a valid cache path. at /Users/giuseppegarozzo/Desktop/Boolean/Esercitazioni/Laravel/laravel-one-to-many/vendor/laravel/framework/src/Illuminate/View/Compilers/Compiler.php:36)
[stacktrace]
#0 /Users/giuseppegarozzo/Desktop/Boolean/Esercitazioni/Laravel/laravel-one-to-many/vendor/laravel/framework/src/Illuminate/View/ViewServiceProvider.php(91): Illuminate\\View\\Compilers\\Compiler->__construct(Object(Illuminate\\Filesystem\\Filesystem), false)
#1 /Users/giuseppegarozzo/Desktop/Boolean/Esercitazioni/Laravel/laravel-one-to-many/vendor/laravel/framework/src/Illuminate/Container/Container.php(805): Illuminate\\View\\ViewServiceProvider->Illuminate\\View\\{closure}(Object(Illuminate\\Foundation\\Application), Array)
#2 /Users/giuseppegarozzo/Desktop/Boolean/Esercitazioni/Laravel/laravel-one-to-many/vendor/laravel/framework/src/Illuminate/Container/Container.php(691): Illuminate\\Container\\Container->build(Object(Closure))
#3 /Users/giuseppegarozzo/Desktop/Boolean/Esercitazioni/Laravel/laravel-one-to-many/vendor/laravel/framework/src/Illuminate/Foundation/Application.php(796): Illuminate\\Container\\Container->resolve('blade.compiler', Array, true)
#4 /Users/giuseppegarozzo/Desktop/Boolean/Esercitazioni/Laravel/laravel-one-to-many/vendor/laravel/framework/src/Illuminate/Container/Container.php(637): Illuminate\\Foundation\\Application->resolve('blade.compiler', Array)
#5 /Users/giuseppegarozzo/Desktop/Boolean/Esercitazioni/Laravel/laravel-one-to-many/vendor/laravel/framework/src/Illuminate/Foundation/Application.php(781): Illuminate\\Container\\Container->make('blade.compiler', Array)
#6 /Users/giuseppegarozzo/Desktop/Boolean/Esercitazioni/Laravel/laravel-one-to-many/vendor/laravel/framework/src/Illuminate/Container/Container.php(1283): Illuminate\\Foundation\\Application->make('blade.compiler')
#7 /Users/giuseppegarozzo/Desktop/Boolean/Esercitazioni/Laravel/laravel-one-to-many/vendor/laravel/framework/src/Illuminate/View/ViewServiceProvider.php(151): Illuminate\\Container\\Container->offsetGet('blade.compiler')
#8 [internal function]: Illuminate\\View\\ViewServiceProvider->Illuminate\\View\\{closure}()
#9 /Users/giuseppegarozzo/Desktop/Boolean/Esercitazioni/Laravel/laravel-one-to-many/vendor/laravel/framework/src/Illuminate/View/Engines/EngineResolver.php(55): call_user_func(Object(Closure))
#10 /Users/giuseppegarozzo/Desktop/Boolean/Esercitazioni/Laravel/laravel-one-to-many/vendor/facade/ignition/src/IgnitionServiceProvider.php(467): Illuminate\\View\\Engines\\EngineResolver->resolve('blade')
#11 /Users/giuseppegarozzo/Desktop/Boolean/Esercitazioni/Laravel/laravel-one-to-many/vendor/facade/ignition/src/IgnitionServiceProvider.php(158): Facade\\Ignition\\IgnitionServiceProvider->hasCustomViewEnginesRegistered()
#12 /Users/giuseppegarozzo/Desktop/Boolean/Esercitazioni/Laravel/laravel-one-to-many/vendor/facade/ignition/src/IgnitionServiceProvider.php(101): Facade\\Ignition\\IgnitionServiceProvider->registerViewEngines()
#13 /Users/giuseppegarozzo/Desktop/Boolean/Esercitazioni/Laravel/laravel-one-to-many/vendor/laravel/framework/src/Illuminate/Container/BoundMethod.php(36): Facade\\Ignition\\IgnitionServiceProvider->boot()
#14 /Users/giuseppegarozzo/Desktop/Boolean/Esercitazioni/Laravel/laravel-one-to-many/vendor/laravel/framework/src/Illuminate/Container/Util.php(37): Illuminate\\Container\\BoundMethod::Illuminate\\Container\\{closure}()
#15 /Users/giuseppegarozzo/Desktop/Boolean/Esercitazioni/Laravel/laravel-one-to-many/vendor/laravel/framework/src/Illuminate/Container/BoundMethod.php(93): Illuminate\\Container\\Util::unwrapIfClosure(Object(Closure))
#16 /Users/giuseppegarozzo/Desktop/Boolean/Esercitazioni/Laravel/laravel-one-to-many/vendor/laravel/framework/src/Illuminate/Container/BoundMethod.php(37): Illuminate\\Container\\BoundMethod::callBoundMethod(Object(Illuminate\\Foundation\\Application), Array, Object(Closure))
#17 /Users/giuseppegarozzo/Desktop/Boolean/Esercitazioni/Laravel/laravel-one-to-many/vendor/laravel/framework/src/Illuminate/Container/Container.php(596): Illuminate\\Container\\BoundMethod::call(Object(Illuminate\\Foundation\\Application), Array, Array, NULL)
#18 /Users/giuseppegarozzo/Desktop/Boolean/Esercitazioni/Laravel/laravel-one-to-many/vendor/laravel/framework/src/Illuminate/Foundation/Application.php(867): Illuminate\\Container\\Container->call(Array)
#19 /Users/giuseppegarozzo/Desktop/Boolean/Esercitazioni/Laravel/laravel-one-to-many/vendor/laravel/framework/src/Illuminate/Foundation/Application.php(850): Illuminate\\Foundation\\Application->bootProvider(Object(Facade\\Ignition\\IgnitionServiceProvider))
#20 [internal function]: Illuminate\\Foundation\\Application->Illuminate\\Foundation\\{closure}(Object(Facade\\Ignition\\IgnitionServiceProvider), 14)
#21 /Users/giuseppegarozzo/Desktop/Boolean/Esercitazioni/Laravel/laravel-one-to-many/vendor/laravel/framework/src/Illuminate/Foundation/Application.php(851): array_walk(Array, Object(Closure))
#22 /Users/giuseppegarozzo/Desktop/Boolean/Esercitazioni/Laravel/laravel-one-to-many/vendor/laravel/framework/src/Illuminate/Foundation/Bootstrap/BootProviders.php(17): Illuminate\\Foundation\\Application->boot()
#23 /Users/giuseppegarozzo/Desktop/Boolean/Esercitazioni/Laravel/laravel-one-to-many/vendor/laravel/framework/src/Illuminate/Foundation/Application.php(230): Illuminate\\Foundation\\Bootstrap\\BootProviders->bootstrap(Object(Illuminate\\Foundation\\Application))
#24 /Users/giuseppegarozzo/Desktop/Boolean/Esercitazioni/Laravel/laravel-one-to-many/vendor/laravel/framework/src/Illuminate/Foundation/Console/Kernel.php(310): Illuminate\\Foundation\\Application->bootstrapWith(Array)
#25 /Users/giuseppegarozzo/Desktop/Boolean/Esercitazioni/Laravel/laravel-one-to-many/vendor/laravel/framework/src/Illuminate/Foundation/Console/Kernel.php(127): Illuminate\\Foundation\\Console\\Kernel->bootstrap()
#26 /Users/giuseppegarozzo/Desktop/Boolean/Esercitazioni/Laravel/laravel-one-to-many/artisan(37): Illuminate\\Foundation\\Console\\Kernel->handle(Object(Symfony\\Component\\Console\\Input\\ArgvInput), Object(Symfony\\Component\\Console\\Output\\ConsoleOutput))
#27 {main}
"} 
[2023-02-01 01:15:46] local.ERROR: Please provide a valid cache path. {"exception":"[object] (InvalidArgumentException(code: 0): Please provide a valid cache path. at /Users/giuseppegarozzo/Desktop/Boolean/Esercitazioni/Laravel/laravel-one-to-many/vendor/laravel/framework/src/Illuminate/View/Compilers/Compiler.php:36)
[stacktrace]
#0 /Users/giuseppegarozzo/Desktop/Boolean/Esercitazioni/Laravel/laravel-one-to-many/vendor/laravel/framework/src/Illuminate/View/ViewServiceProvider.php(91): Illuminate\\View\\Compilers\\Compiler->__construct(Object(Illuminate\\Filesystem\\Filesystem), false)
#1 /Users/giuseppegarozzo/Desktop/Boolean/Esercitazioni/Laravel/laravel-one-to-many/vendor/laravel/framework/src/Illuminate/Container/Container.php(805): Illuminate\\View\\ViewServiceProvider->Illuminate\\View\\{closure}(Object(Illuminate\\Foundation\\Application), Array)
#2 /Users/giuseppegarozzo/Desktop/Boolean/Esercitazioni/Laravel/laravel-one-to-many/vendor/laravel/framework/src/Illuminate/Container/Container.php(691): Illuminate\\Container\\Container->build(Object(Closure))
#3 /Users/giuseppegarozzo/Desktop/Boolean/Esercitazioni/Laravel/laravel-one-to-many/vendor/laravel/framework/src/Illuminate/Foundation/Application.php(796): Illuminate\\Container\\Container->resolve('blade.compiler', Array, true)
#4 /Users/giuseppegarozzo/Desktop/Boolean/Esercitazioni/Laravel/laravel-one-to-many/vendor/laravel/framework/src/Illuminate/Container/Container.php(637): Illuminate\\Foundation\\Application->resolve('blade.compiler', Array)
#5 /Users/giuseppegarozzo/Desktop/Boolean/Esercitazioni/Laravel/laravel-one-to-many/vendor/laravel/framework/src/Illuminate/Foundation/Application.php(781): Illuminate\\Container\\Container->make('blade.compiler', Array)
#6 /Users/giuseppegarozzo/Desktop/Boolean/Esercitazioni/Laravel/laravel-one-to-many/vendor/laravel/framework/src/Illuminate/Container/Container.php(1283): Illuminate\\Foundation\\Application->make('blade.compiler')
#7 /Users/giuseppegarozzo/Desktop/Boolean/Esercitazioni/Laravel/laravel-one-to-many/vendor/laravel/framework/src/Illuminate/View/ViewServiceProvider.php(151): Illuminate\\Container\\Container->offsetGet('blade.compiler')
#8 [internal function]: Illuminate\\View\\ViewServiceProvider->Illuminate\\View\\{closure}()
#9 /Users/giuseppegarozzo/Desktop/Boolean/Esercitazioni/Laravel/laravel-one-to-many/vendor/laravel/framework/src/Illuminate/View/Engines/EngineResolver.php(55): call_user_func(Object(Closure))
#10 /Users/giuseppegarozzo/Desktop/Boolean/Esercitazioni/Laravel/laravel-one-to-many/vendor/facade/ignition/src/IgnitionServiceProvider.php(467): Illuminate\\View\\Engines\\EngineResolver->resolve('blade')
#11 /Users/giuseppegarozzo/Desktop/Boolean/Esercitazioni/Laravel/laravel-one-to-many/vendor/facade/ignition/src/IgnitionServiceProvider.php(158): Facade\\Ignition\\IgnitionServiceProvider->hasCustomViewEnginesRegistered()
#12 /Users/giuseppegarozzo/Desktop/Boolean/Esercitazioni/Laravel/laravel-one-to-many/vendor/facade/ignition/src/IgnitionServiceProvider.php(101): Facade\\Ignition\\IgnitionServiceProvider->registerViewEngines()
#13 /Users/giuseppegarozzo/Desktop/Boolean/Esercitazioni/Laravel/laravel-one-to-many/vendor/laravel/framework/src/Illuminate/Container/BoundMethod.php(36): Facade\\Ignition\\IgnitionServiceProvider->boot()
#14 /Users/giuseppegarozzo/Desktop/Boolean/Esercitazioni/Laravel/laravel-one-to-many/vendor/laravel/framework/src/Illuminate/Container/Util.php(37): Illuminate\\Container\\BoundMethod::Illuminate\\Container\\{closure}()
#15 /Users/giuseppegarozzo/Desktop/Boolean/Esercitazioni/Laravel/laravel-one-to-many/vendor/laravel/framework/src/Illuminate/Container/BoundMethod.php(93): Illuminate\\Container\\Util::unwrapIfClosure(Object(Closure))
#16 /Users/giuseppegarozzo/Desktop/Boolean/Esercitazioni/Laravel/laravel-one-to-many/vendor/laravel/framework/src/Illuminate/Container/BoundMethod.php(37): Illuminate\\Container\\BoundMethod::callBoundMethod(Object(Illuminate\\Foundation\\Application), Array, Object(Closure))
#17 /Users/giuseppegarozzo/Desktop/Boolean/Esercitazioni/Laravel/laravel-one-to-many/vendor/laravel/framework/src/Illuminate/Container/Container.php(596): Illuminate\\Container\\BoundMethod::call(Object(Illuminate\\Foundation\\Application), Array, Array, NULL)
#18 /Users/giuseppegarozzo/Desktop/Boolean/Esercitazioni/Laravel/laravel-one-to-many/vendor/laravel/framework/src/Illuminate/Foundation/Application.php(867): Illuminate\\Container\\Container->call(Array)
#19 /Users/giuseppegarozzo/Desktop/Boolean/Esercitazioni/Laravel/laravel-one-to-many/vendor/laravel/framework/src/Illuminate/Foundation/Application.php(850): Illuminate\\Foundation\\Application->bootProvider(Object(Facade\\Ignition\\IgnitionServiceProvider))
#20 [internal function]: Illuminate\\Foundation\\Application->Illuminate\\Foundation\\{closure}(Object(Facade\\Ignition\\IgnitionServiceProvider), 14)
#21 /Users/giuseppegarozzo/Desktop/Boolean/Esercitazioni/Laravel/laravel-one-to-many/vendor/laravel/framework/src/Illuminate/Foundation/Application.php(851): array_walk(Array, Object(Closure))
#22 /Users/giuseppegarozzo/Desktop/Boolean/Esercitazioni/Laravel/laravel-one-to-many/vendor/laravel/framework/src/Illuminate/Foundation/Bootstrap/BootProviders.php(17): Illuminate\\Foundation\\Application->boot()
#23 /Users/giuseppegarozzo/Desktop/Boolean/Esercitazioni/Laravel/laravel-one-to-many/vendor/laravel/framework/src/Illuminate/Foundation/Application.php(230): Illuminate\\Foundation\\Bootstrap\\BootProviders->bootstrap(Object(Illuminate\\Foundation\\Application))
#24 /Users/giuseppegarozzo/Desktop/Boolean/Esercitazioni/Laravel/laravel-one-to-many/vendor/laravel/framework/src/Illuminate/Foundation/Console/Kernel.php(310): Illuminate\\Foundation\\Application->bootstrapWith(Array)
#25 /Users/giuseppegarozzo/Desktop/Boolean/Esercitazioni/Laravel/laravel-one-to-many/vendor/laravel/framework/src/Illuminate/Foundation/Console/Kernel.php(127): Illuminate\\Foundation\\Console\\Kernel->bootstrap()
#26 /Users/giuseppegarozzo/Desktop/Boolean/Esercitazioni/Laravel/laravel-one-to-many/artisan(37): Illuminate\\Foundation\\Console\\Kernel->handle(Object(Symfony\\Component\\Console\\Input\\ArgvInput), Object(Symfony\\Component\\Console\\Output\\ConsoleOutput))
#27 {main}
"} 
[2023-02-01 01:16:00] local.ERROR: Please provide a valid cache path. {"exception":"[object] (InvalidArgumentException(code: 0): Please provide a valid cache path. at /Users/giuseppegarozzo/Desktop/Boolean/Esercitazioni/Laravel/laravel-one-to-many/vendor/laravel/framework/src/Illuminate/View/Compilers/Compiler.php:36)
[stacktrace]
#0 /Users/giuseppegarozzo/Desktop/Boolean/Esercitazioni/Laravel/laravel-one-to-many/vendor/laravel/framework/src/Illuminate/View/ViewServiceProvider.php(91): Illuminate\\View\\Compilers\\Compiler->__construct(Object(Illuminate\\Filesystem\\Filesystem), false)
#1 /Users/giuseppegarozzo/Desktop/Boolean/Esercitazioni/Laravel/laravel-one-to-many/vendor/laravel/framework/src/Illuminate/Container/Container.php(805): Illuminate\\View\\ViewServiceProvider->Illuminate\\View\\{closure}(Object(Illuminate\\Foundation\\Application), Array)
#2 /Users/giuseppegarozzo/Desktop/Boolean/Esercitazioni/Laravel/laravel-one-to-many/vendor/laravel/framework/src/Illuminate/Container/Container.php(691): Illuminate\\Container\\Container->build(Object(Closure))
#3 /Users/giuseppegarozzo/Desktop/Boolean/Esercitazioni/Laravel/laravel-one-to-many/vendor/laravel/framework/src/Illuminate/Foundation/Application.php(796): Illuminate\\Container\\Container->resolve('blade.compiler', Array, true)
#4 /Users/giuseppegarozzo/Desktop/Boolean/Esercitazioni/Laravel/laravel-one-to-many/vendor/laravel/framework/src/Illuminate/Container/Container.php(637): Illuminate\\Foundation\\Application->resolve('blade.compiler', Array)
#5 /Users/giuseppegarozzo/Desktop/Boolean/Esercitazioni/Laravel/laravel-one-to-many/vendor/laravel/framework/src/Illuminate/Foundation/Application.php(781): Illuminate\\Container\\Container->make('blade.compiler', Array)
#6 /Users/giuseppegarozzo/Desktop/Boolean/Esercitazioni/Laravel/laravel-one-to-many/vendor/laravel/framework/src/Illuminate/Container/Container.php(1283): Illuminate\\Foundation\\Application->make('blade.compiler')
#7 /Users/giuseppegarozzo/Desktop/Boolean/Esercitazioni/Laravel/laravel-one-to-many/vendor/laravel/framework/src/Illuminate/View/ViewServiceProvider.php(151): Illuminate\\Container\\Container->offsetGet('blade.compiler')
#8 [internal function]: Illuminate\\View\\ViewServiceProvider->Illuminate\\View\\{closure}()
#9 /Users/giuseppegarozzo/Desktop/Boolean/Esercitazioni/Laravel/laravel-one-to-many/vendor/laravel/framework/src/Illuminate/View/Engines/EngineResolver.php(55): call_user_func(Object(Closure))
#10 /Users/giuseppegarozzo/Desktop/Boolean/Esercitazioni/Laravel/laravel-one-to-many/vendor/facade/ignition/src/IgnitionServiceProvider.php(467): Illuminate\\View\\Engines\\EngineResolver->resolve('blade')
#11 /Users/giuseppegarozzo/Desktop/Boolean/Esercitazioni/Laravel/laravel-one-to-many/vendor/facade/ignition/src/IgnitionServiceProvider.php(158): Facade\\Ignition\\IgnitionServiceProvider->hasCustomViewEnginesRegistered()
#12 /Users/giuseppegarozzo/Desktop/Boolean/Esercitazioni/Laravel/laravel-one-to-many/vendor/facade/ignition/src/IgnitionServiceProvider.php(101): Facade\\Ignition\\IgnitionServiceProvider->registerViewEngines()
#13 /Users/giuseppegarozzo/Desktop/Boolean/Esercitazioni/Laravel/laravel-one-to-many/vendor/laravel/framework/src/Illuminate/Container/BoundMethod.php(36): Facade\\Ignition\\IgnitionServiceProvider->boot()
#14 /Users/giuseppegarozzo/Desktop/Boolean/Esercitazioni/Laravel/laravel-one-to-many/vendor/laravel/framework/src/Illuminate/Container/Util.php(37): Illuminate\\Container\\BoundMethod::Illuminate\\Container\\{closure}()
#15 /Users/giuseppegarozzo/Desktop/Boolean/Esercitazioni/Laravel/laravel-one-to-many/vendor/laravel/framework/src/Illuminate/Container/BoundMethod.php(93): Illuminate\\Container\\Util::unwrapIfClosure(Object(Closure))
#16 /Users/giuseppegarozzo/Desktop/Boolean/Esercitazioni/Laravel/laravel-one-to-many/vendor/laravel/framework/src/Illuminate/Container/BoundMethod.php(37): Illuminate\\Container\\BoundMethod::callBoundMethod(Object(Illuminate\\Foundation\\Application), Array, Object(Closure))
#17 /Users/giuseppegarozzo/Desktop/Boolean/Esercitazioni/Laravel/laravel-one-to-many/vendor/laravel/framework/src/Illuminate/Container/Container.php(596): Illuminate\\Container\\BoundMethod::call(Object(Illuminate\\Foundation\\Application), Array, Array, NULL)
#18 /Users/giuseppegarozzo/Desktop/Boolean/Esercitazioni/Laravel/laravel-one-to-many/vendor/laravel/framework/src/Illuminate/Foundation/Application.php(867): Illuminate\\Container\\Container->call(Array)
#19 /Users/giuseppegarozzo/Desktop/Boolean/Esercitazioni/Laravel/laravel-one-to-many/vendor/laravel/framework/src/Illuminate/Foundation/Application.php(850): Illuminate\\Foundation\\Application->bootProvider(Object(Facade\\Ignition\\IgnitionServiceProvider))
#20 [internal function]: Illuminate\\Foundation\\Application->Illuminate\\Foundation\\{closure}(Object(Facade\\Ignition\\IgnitionServiceProvider), 14)
#21 /Users/giuseppegarozzo/Desktop/Boolean/Esercitazioni/Laravel/laravel-one-to-many/vendor/laravel/framework/src/Illuminate/Foundation/Application.php(851): array_walk(Array, Object(Closure))
#22 /Users/giuseppegarozzo/Desktop/Boolean/Esercitazioni/Laravel/laravel-one-to-many/vendor/laravel/framework/src/Illuminate/Foundation/Bootstrap/BootProviders.php(17): Illuminate\\Foundation\\Application->boot()
#23 /Users/giuseppegarozzo/Desktop/Boolean/Esercitazioni/Laravel/laravel-one-to-many/vendor/laravel/framework/src/Illuminate/Foundation/Application.php(230): Illuminate\\Foundation\\Bootstrap\\BootProviders->bootstrap(Object(Illuminate\\Foundation\\Application))
#24 /Users/giuseppegarozzo/Desktop/Boolean/Esercitazioni/Laravel/laravel-one-to-many/vendor/laravel/framework/src/Illuminate/Foundation/Console/Kernel.php(310): Illuminate\\Foundation\\Application->bootstrapWith(Array)
#25 /Users/giuseppegarozzo/Desktop/Boolean/Esercitazioni/Laravel/laravel-one-to-many/vendor/laravel/framework/src/Illuminate/Foundation/Console/Kernel.php(127): Illuminate\\Foundation\\Console\\Kernel->bootstrap()
#26 /Users/giuseppegarozzo/Desktop/Boolean/Esercitazioni/Laravel/laravel-one-to-many/artisan(37): Illuminate\\Foundation\\Console\\Kernel->handle(Object(Symfony\\Component\\Console\\Input\\ArgvInput), Object(Symfony\\Component\\Console\\Output\\ConsoleOutput))
#27 {main}
"} 
[2023-02-01 01:27:09] local.ERROR: Please provide a valid cache path. {"exception":"[object] (InvalidArgumentException(code: 0): Please provide a valid cache path. at /Users/giuseppegarozzo/Desktop/Boolean/Esercitazioni/Laravel/laravel-one-to-many/vendor/laravel/framework/src/Illuminate/View/Compilers/Compiler.php:36)
[stacktrace]
#0 /Users/giuseppegarozzo/Desktop/Boolean/Esercitazioni/Laravel/laravel-one-to-many/vendor/laravel/framework/src/Illuminate/View/ViewServiceProvider.php(91): Illuminate\\View\\Compilers\\Compiler->__construct(Object(Illuminate\\Filesystem\\Filesystem), false)
#1 /Users/giuseppegarozzo/Desktop/Boolean/Esercitazioni/Laravel/laravel-one-to-many/vendor/laravel/framework/src/Illuminate/Container/Container.php(805): Illuminate\\View\\ViewServiceProvider->Illuminate\\View\\{closure}(Object(Illuminate\\Foundation\\Application), Array)
#2 /Users/giuseppegarozzo/Desktop/Boolean/Esercitazioni/Laravel/laravel-one-to-many/vendor/laravel/framework/src/Illuminate/Container/Container.php(691): Illuminate\\Container\\Container->build(Object(Closure))
#3 /Users/giuseppegarozzo/Desktop/Boolean/Esercitazioni/Laravel/laravel-one-to-many/vendor/laravel/framework/src/Illuminate/Foundation/Application.php(796): Illuminate\\Container\\Container->resolve('blade.compiler', Array, true)
#4 /Users/giuseppegarozzo/Desktop/Boolean/Esercitazioni/Laravel/laravel-one-to-many/vendor/laravel/framework/src/Illuminate/Container/Container.php(637): Illuminate\\Foundation\\Application->resolve('blade.compiler', Array)
#5 /Users/giuseppegarozzo/Desktop/Boolean/Esercitazioni/Laravel/laravel-one-to-many/vendor/laravel/framework/src/Illuminate/Foundation/Application.php(781): Illuminate\\Container\\Container->make('blade.compiler', Array)
#6 /Users/giuseppegarozzo/Desktop/Boolean/Esercitazioni/Laravel/laravel-one-to-many/vendor/laravel/framework/src/Illuminate/Container/Container.php(1283): Illuminate\\Foundation\\Application->make('blade.compiler')
#7 /Users/giuseppegarozzo/Desktop/Boolean/Esercitazioni/Laravel/laravel-one-to-many/vendor/laravel/framework/src/Illuminate/View/ViewServiceProvider.php(151): Illuminate\\Container\\Container->offsetGet('blade.compiler')
#8 [internal function]: Illuminate\\View\\ViewServiceProvider->Illuminate\\View\\{closure}()
#9 /Users/giuseppegarozzo/Desktop/Boolean/Esercitazioni/Laravel/laravel-one-to-many/vendor/laravel/framework/src/Illuminate/View/Engines/EngineResolver.php(55): call_user_func(Object(Closure))
#10 /Users/giuseppegarozzo/Desktop/Boolean/Esercitazioni/Laravel/laravel-one-to-many/vendor/facade/ignition/src/IgnitionServiceProvider.php(467): Illuminate\\View\\Engines\\EngineResolver->resolve('blade')
#11 /Users/giuseppegarozzo/Desktop/Boolean/Esercitazioni/Laravel/laravel-one-to-many/vendor/facade/ignition/src/IgnitionServiceProvider.php(158): Facade\\Ignition\\IgnitionServiceProvider->hasCustomViewEnginesRegistered()
#12 /Users/giuseppegarozzo/Desktop/Boolean/Esercitazioni/Laravel/laravel-one-to-many/vendor/facade/ignition/src/IgnitionServiceProvider.php(101): Facade\\Ignition\\IgnitionServiceProvider->registerViewEngines()
#13 /Users/giuseppegarozzo/Desktop/Boolean/Esercitazioni/Laravel/laravel-one-to-many/vendor/laravel/framework/src/Illuminate/Container/BoundMethod.php(36): Facade\\Ignition\\IgnitionServiceProvider->boot()
#14 /Users/giuseppegarozzo/Desktop/Boolean/Esercitazioni/Laravel/laravel-one-to-many/vendor/laravel/framework/src/Illuminate/Container/Util.php(37): Illuminate\\Container\\BoundMethod::Illuminate\\Container\\{closure}()
#15 /Users/giuseppegarozzo/Desktop/Boolean/Esercitazioni/Laravel/laravel-one-to-many/vendor/laravel/framework/src/Illuminate/Container/BoundMethod.php(93): Illuminate\\Container\\Util::unwrapIfClosure(Object(Closure))
#16 /Users/giuseppegarozzo/Desktop/Boolean/Esercitazioni/Laravel/laravel-one-to-many/vendor/laravel/framework/src/Illuminate/Container/BoundMethod.php(37): Illuminate\\Container\\BoundMethod::callBoundMethod(Object(Illuminate\\Foundation\\Application), Array, Object(Closure))
#17 /Users/giuseppegarozzo/Desktop/Boolean/Esercitazioni/Laravel/laravel-one-to-many/vendor/laravel/framework/src/Illuminate/Container/Container.php(596): Illuminate\\Container\\BoundMethod::call(Object(Illuminate\\Foundation\\Application), Array, Array, NULL)
#18 /Users/giuseppegarozzo/Desktop/Boolean/Esercitazioni/Laravel/laravel-one-to-many/vendor/laravel/framework/src/Illuminate/Foundation/Application.php(867): Illuminate\\Container\\Container->call(Array)
#19 /Users/giuseppegarozzo/Desktop/Boolean/Esercitazioni/Laravel/laravel-one-to-many/vendor/laravel/framework/src/Illuminate/Foundation/Application.php(850): Illuminate\\Foundation\\Application->bootProvider(Object(Facade\\Ignition\\IgnitionServiceProvider))
#20 [internal function]: Illuminate\\Foundation\\Application->Illuminate\\Foundation\\{closure}(Object(Facade\\Ignition\\IgnitionServiceProvider), 14)
#21 /Users/giuseppegarozzo/Desktop/Boolean/Esercitazioni/Laravel/laravel-one-to-many/vendor/laravel/framework/src/Illuminate/Foundation/Application.php(851): array_walk(Array, Object(Closure))
#22 /Users/giuseppegarozzo/Desktop/Boolean/Esercitazioni/Laravel/laravel-one-to-many/vendor/laravel/framework/src/Illuminate/Foundation/Bootstrap/BootProviders.php(17): Illuminate\\Foundation\\Application->boot()
#23 /Users/giuseppegarozzo/Desktop/Boolean/Esercitazioni/Laravel/laravel-one-to-many/vendor/laravel/framework/src/Illuminate/Foundation/Application.php(230): Illuminate\\Foundation\\Bootstrap\\BootProviders->bootstrap(Object(Illuminate\\Foundation\\Application))
#24 /Users/giuseppegarozzo/Desktop/Boolean/Esercitazioni/Laravel/laravel-one-to-many/vendor/laravel/framework/src/Illuminate/Foundation/Console/Kernel.php(310): Illuminate\\Foundation\\Application->bootstrapWith(Array)
#25 /Users/giuseppegarozzo/Desktop/Boolean/Esercitazioni/Laravel/laravel-one-to-many/vendor/laravel/framework/src/Illuminate/Foundation/Console/Kernel.php(127): Illuminate\\Foundation\\Console\\Kernel->bootstrap()
#26 /Users/giuseppegarozzo/Desktop/Boolean/Esercitazioni/Laravel/laravel-one-to-many/artisan(37): Illuminate\\Foundation\\Console\\Kernel->handle(Object(Symfony\\Component\\Console\\Input\\ArgvInput), Object(Symfony\\Component\\Console\\Output\\ConsoleOutput))
#27 {main}
"} 
